{"C:\\Users\\elena\\Desktop\\Studies\\JS\\dzjs\\jsaqa-code\\7.3\\jest\\app.js": {"path":"C:\\Users\\elena\\Desktop\\Studies\\JS\\dzjs\\jsaqa-code\\7.3\\jest\\app.js","statementMap":{"0":{"start":{"line":1,"column":17},"end":{"line":1,"column":30}},"1":{"start":{"line":4,"column":2},"end":{"line":13,"column":5}},"2":{"start":{"line":5,"column":16},"end":{"line":5,"column":31}},"3":{"start":{"line":6,"column":15},"end":{"line":6,"column":30}},"4":{"start":{"line":7,"column":4},"end":{"line":9,"column":16}},"5":{"start":{"line":9,"column":6},"end":{"line":9,"column":16}},"6":{"start":{"line":10,"column":4},"end":{"line":11,"column":13}},"7":{"start":{"line":11,"column":4},"end":{"line":11,"column":13}},"8":{"start":{"line":12,"column":4},"end":{"line":12,"column":13}},"9":{"start":{"line":14,"column":2},"end":{"line":14,"column":20}},"10":{"start":{"line":17,"column":0},"end":{"line":17,"column":32}}},"fnMap":{"0":{"name":"sortByName","decl":{"start":{"line":3,"column":9},"end":{"line":3,"column":19}},"loc":{"start":{"line":3,"column":32},"end":{"line":15,"column":1}},"line":3},"1":{"name":"(anonymous_1)","decl":{"start":{"line":4,"column":18},"end":{"line":4,"column":19}},"loc":{"start":{"line":4,"column":34},"end":{"line":13,"column":3}},"line":4}},"branchMap":{"0":{"loc":{"start":{"line":7,"column":4},"end":{"line":9,"column":16}},"type":"if","locations":[{"start":{"line":7,"column":4},"end":{"line":9,"column":16}},{"start":{},"end":{}}],"line":7},"1":{"loc":{"start":{"line":10,"column":4},"end":{"line":11,"column":13}},"type":"if","locations":[{"start":{"line":10,"column":4},"end":{"line":11,"column":13}},{"start":{},"end":{}}],"line":10}},"s":{"0":1,"1":2,"2":7,"3":7,"4":7,"5":3,"6":4,"7":3,"8":1,"9":2,"10":1},"f":{"0":2,"1":7},"b":{"0":[3,4],"1":[3,1]},"_coverageSchema":"1a1c01bbd47fc00a2c39e90264f33305004495a9","hash":"947d7db9cd1d22a58aa6481c25373bfea34cb505"}
}
